2018-08-28 at 21:18:27 GMT+08:00 INFO  com.dic.demo.LogTest 13 logTest1 - 哈哈，Test1
2018-08-28 at 21:18:27 GMT+08:00 WARN  com.dic.demo.LogTest 18 logTest2 - 哈哈，Test2
2018-08-28 at 21:18:27 GMT+08:00 DEBUG com.dic.demo.LogTest 23 logTest3 - 哈哈，Test3
2018-08-28 at 21:18:27 GMT+08:00 ERROR com.dic.demo.LogTest 28 logTest4 - 哈哈，Test4
2018-08-28 at 21:18:27 GMT+08:00 ERROR com.dic.demo.LogTest 33 logTest5 - 哈哈，5
2018-08-28 at 21:19:47 GMT+08:00 INFO  com.dic.demo.LogTest 13 logTest1 - 哈哈，Test1
2018-08-28 at 21:19:47 GMT+08:00 WARN  com.dic.demo.LogTest 18 logTest2 - 哈哈，Test2
2018-08-28 at 21:19:47 GMT+08:00 DEBUG com.dic.demo.LogTest 23 logTest3 - 哈哈，Test3
2018-08-28 at 21:19:47 GMT+08:00 ERROR com.dic.demo.LogTest 28 logTest4 - 哈哈，Test4
2018-08-28 at 21:19:47 GMT+08:00 ERROR com.dic.demo.LogTest 33 logTest5 - 哈哈，5
2018-08-28 at 21:22:19 GMT+08:00 INFO  com.dic.demo.LogTest 13 logTest1 - 哈哈，Test1
2018-08-28 at 21:22:19 GMT+08:00 WARN  com.dic.demo.LogTest 18 logTest2 - 哈哈，Test2
2018-08-28 at 21:22:19 GMT+08:00 DEBUG com.dic.demo.LogTest 23 logTest3 - 哈哈，Test3
2018-08-28 at 21:22:19 GMT+08:00 ERROR com.dic.demo.LogTest 28 logTest4 - 哈哈，Test4
2018-08-28 at 21:22:19 GMT+08:00 ERROR com.dic.demo.LogTest 33 logTest5 - 哈哈，5
2018-08-29 at 06:54:33 GMT+08:00 INFO  com.dic.webdriver.utils.RemoteLogWebDriver 28 findElementById - ls_username定位w未找到元素
2018-08-29 at 06:54:47 GMT+08:00 INFO  com.dic.webdriver.utils.RemoteLogWebDriver 28 findElementById - ls_username定位w未找到元素
2018-08-29 at 06:56:12 GMT+08:00 INFO  com.dic.webdriver.utils.RemoteLogWebDriver 25 findElementById - ls_username定位已找到元素
2018-08-29 at 06:56:12 GMT+08:00 INFO  com.dic.webdriver.utils.RemoteLogWebDriver 25 findElementById - ls_password定位已找到元素
2018-08-29 at 06:56:22 GMT+08:00 INFO  com.dic.webdriver.utils.RemoteLogWebDriver 40 findElementByCssSelector - button.pn.vm定位w未找到元素
2018-08-29 at 06:56:23 GMT+08:00 INFO  com.dic.webdriver.utils.RemoteLogWebDriver 25 findElementById - ls_username定位已找到元素
2018-08-29 at 06:56:24 GMT+08:00 INFO  com.dic.webdriver.utils.RemoteLogWebDriver 25 findElementById - ls_password定位已找到元素
2018-08-29 at 06:56:34 GMT+08:00 INFO  com.dic.webdriver.utils.RemoteLogWebDriver 40 findElementByCssSelector - button.pn.vm定位w未找到元素
2018-08-29 at 07:21:30 GMT+08:00 INFO  com.dic.webdriver.utils.RemoteLogWebDriver 25 findElementById - ls_username定位已找到元素
2018-08-29 at 07:21:30 GMT+08:00 INFO  com.dic.webdriver.utils.RemoteLogWebDriver 25 findElementById - ls_password定位已找到元素
2018-08-29 at 07:21:40 GMT+08:00 INFO  com.dic.webdriver.utils.RemoteLogWebDriver 52 findElementByXPath - //button[@class='pn vm']定位w未找到元素
2018-08-29 at 07:21:42 GMT+08:00 INFO  com.dic.webdriver.utils.RemoteLogWebDriver 25 findElementById - ls_username定位已找到元素
2018-08-29 at 07:21:42 GMT+08:00 INFO  com.dic.webdriver.utils.RemoteLogWebDriver 25 findElementById - ls_password定位已找到元素
2018-08-29 at 07:21:52 GMT+08:00 INFO  com.dic.webdriver.utils.RemoteLogWebDriver 52 findElementByXPath - //button[@class='pn vm']定位w未找到元素
2018-08-29 at 07:29:12 GMT+08:00 INFO  com.dic.webdriver.utils.RemoteLogWebDriver 25 findElementById - ls_username定位已找到元素
2018-08-29 at 07:29:12 GMT+08:00 INFO  com.dic.webdriver.utils.RemoteLogWebDriver 25 findElementById - ls_password定位已找到元素
2018-08-29 at 07:29:22 GMT+08:00 INFO  com.dic.webdriver.utils.RemoteLogWebDriver 52 findElementByXPath - //button[@type='submit'][@class='pn vm']定位w未找到元素
2018-08-29 at 07:29:24 GMT+08:00 INFO  com.dic.webdriver.utils.RemoteLogWebDriver 25 findElementById - ls_username定位已找到元素
2018-08-29 at 07:29:24 GMT+08:00 INFO  com.dic.webdriver.utils.RemoteLogWebDriver 25 findElementById - ls_password定位已找到元素
2018-08-29 at 07:29:34 GMT+08:00 INFO  com.dic.webdriver.utils.RemoteLogWebDriver 52 findElementByXPath - //button[@type='submit'][@class='pn vm']定位w未找到元素
2018-08-29 at 07:35:17 GMT+08:00 INFO  com.dic.webdriver.utils.RemoteLogWebDriver 25 findElementById - ls_username定位已找到元素
2018-08-29 at 07:35:17 GMT+08:00 INFO  com.dic.webdriver.utils.RemoteLogWebDriver 25 findElementById - ls_password定位已找到元素
2018-08-29 at 07:35:27 GMT+08:00 INFO  com.dic.webdriver.utils.RemoteLogWebDriver 52 findElementByXPath - //div[@class='fastlg cl']/div[2]/p[2]/button/em定位w未找到元素
2018-08-29 at 07:35:28 GMT+08:00 INFO  com.dic.webdriver.utils.RemoteLogWebDriver 25 findElementById - ls_username定位已找到元素
2018-08-29 at 07:35:28 GMT+08:00 INFO  com.dic.webdriver.utils.RemoteLogWebDriver 25 findElementById - ls_password定位已找到元素
2018-08-29 at 07:35:38 GMT+08:00 INFO  com.dic.webdriver.utils.RemoteLogWebDriver 52 findElementByXPath - //div[@class='fastlg cl']/div[2]/p[2]/button/em定位w未找到元素
2018-08-29 at 07:43:31 GMT+08:00 INFO  com.dic.webdriver.utils.RemoteLogWebDriver 25 findElementById - ls_username定位已找到元素
2018-08-29 at 07:43:31 GMT+08:00 INFO  com.dic.webdriver.utils.RemoteLogWebDriver 25 findElementById - ls_password定位已找到元素
2018-08-29 at 07:43:41 GMT+08:00 INFO  com.dic.webdriver.utils.RemoteLogWebDriver 52 findElementByXPath - //div[@class='fastlg cl']/div[2]/p[2]/button/em定位w未找到元素
2018-08-29 at 07:43:43 GMT+08:00 INFO  com.dic.webdriver.utils.RemoteLogWebDriver 25 findElementById - ls_username定位已找到元素
2018-08-29 at 07:43:43 GMT+08:00 INFO  com.dic.webdriver.utils.RemoteLogWebDriver 25 findElementById - ls_password定位已找到元素
2018-08-29 at 07:43:53 GMT+08:00 INFO  com.dic.webdriver.utils.RemoteLogWebDriver 52 findElementByXPath - //div[@class='fastlg cl']/div[2]/p[2]/button/em定位w未找到元素
2018-08-29 at 07:45:53 GMT+08:00 INFO  com.dic.webdriver.utils.RemoteLogWebDriver 25 findElementById - ls_username定位已找到元素
2018-08-29 at 07:45:53 GMT+08:00 INFO  com.dic.webdriver.utils.RemoteLogWebDriver 25 findElementById - ls_password定位已找到元素
2018-08-29 at 07:45:53 GMT+08:00 INFO  com.dic.webdriver.utils.RemoteLogWebDriver 49 findElementByXPath - //div[@class='fastlg cl']/div[2]/p[2]/button/em定位已找到元素
2018-08-29 at 07:45:53 GMT+08:00 INFO  com.dic.webdriver.utils.RemoteLogWebDriver 49 findElementByXPath - //p/a[text()='退出']定位已找到元素
2018-08-29 at 07:45:54 GMT+08:00 INFO  com.dic.webdriver.utils.RemoteLogWebDriver 25 findElementById - ls_username定位已找到元素
2018-08-29 at 07:45:54 GMT+08:00 INFO  com.dic.webdriver.utils.RemoteLogWebDriver 25 findElementById - ls_password定位已找到元素
2018-08-29 at 07:45:54 GMT+08:00 INFO  com.dic.webdriver.utils.RemoteLogWebDriver 49 findElementByXPath - //div[@class='fastlg cl']/div[2]/p[2]/button/em定位已找到元素
2018-08-29 at 07:45:55 GMT+08:00 INFO  com.dic.webdriver.utils.RemoteLogWebDriver 49 findElementByXPath - //p/a[text()='退出']定位已找到元素
2018-08-30 at 06:27:47 GMT+08:00 INFO  com.dic.webdriver.utils.RemoteLogWebDriver 25 findElementById - ls_username定位已找到元素
2018-08-30 at 06:27:47 GMT+08:00 INFO  com.dic.webdriver.utils.RemoteLogWebDriver 25 findElementById - ls_password定位已找到元素
2018-08-30 at 06:27:47 GMT+08:00 INFO  com.dic.webdriver.utils.RemoteLogWebDriver 49 findElementByXPath - //div[@class='fastlg cl']/div[2]/p[2]/button/em定位已找到元素
2018-08-30 at 06:27:47 GMT+08:00 INFO  com.dic.webdriver.utils.RemoteLogWebDriver 49 findElementByXPath - //p/a[text()='退出']定位已找到元素
2018-08-30 at 06:27:48 GMT+08:00 INFO  com.dic.webdriver.utils.RemoteLogWebDriver 25 findElementById - ls_username定位已找到元素
2018-08-30 at 06:27:48 GMT+08:00 INFO  com.dic.webdriver.utils.RemoteLogWebDriver 25 findElementById - ls_password定位已找到元素
2018-08-30 at 06:27:48 GMT+08:00 INFO  com.dic.webdriver.utils.RemoteLogWebDriver 49 findElementByXPath - //div[@class='fastlg cl']/div[2]/p[2]/button/em定位已找到元素
2018-08-30 at 06:27:49 GMT+08:00 INFO  com.dic.webdriver.utils.RemoteLogWebDriver 49 findElementByXPath - //p/a[text()='退出']定位已找到元素
2018-09-01 at 17:26:42 GMT+08:00 INFO  com.dic.webdriver.utils.RemoteLogWebDriver 25 findElementById - ls_username定位已找到元素
2018-09-01 at 17:26:42 GMT+08:00 INFO  com.dic.webdriver.utils.RemoteLogWebDriver 25 findElementById - ls_password定位已找到元素
2018-09-01 at 17:26:42 GMT+08:00 INFO  com.dic.webdriver.utils.RemoteLogWebDriver 49 findElementByXPath - //div[@class='fastlg cl']/div[2]/p[2]/button/em定位已找到元素
2018-09-01 at 17:26:42 GMT+08:00 INFO  com.dic.webdriver.utils.RemoteLogWebDriver 49 findElementByXPath - //p/a[text()='退出']定位已找到元素
2018-09-01 at 17:26:43 GMT+08:00 INFO  com.dic.webdriver.utils.RemoteLogWebDriver 25 findElementById - ls_username定位已找到元素
2018-09-01 at 17:26:43 GMT+08:00 INFO  com.dic.webdriver.utils.RemoteLogWebDriver 25 findElementById - ls_password定位已找到元素
2018-09-01 at 17:26:44 GMT+08:00 INFO  com.dic.webdriver.utils.RemoteLogWebDriver 49 findElementByXPath - //div[@class='fastlg cl']/div[2]/p[2]/button/em定位已找到元素
2018-09-01 at 17:26:44 GMT+08:00 INFO  com.dic.webdriver.utils.RemoteLogWebDriver 49 findElementByXPath - //p/a[text()='退出']定位已找到元素
2018-09-01 at 19:25:20 GMT+08:00 INFO  com.dic.webdriver.utils.RemoteLogWebDriver 25 findElementById - ls_username定位已找到元素
2018-09-01 at 19:25:20 GMT+08:00 INFO  com.dic.webdriver.utils.RemoteLogWebDriver 25 findElementById - ls_password定位已找到元素
2018-09-01 at 19:25:20 GMT+08:00 INFO  com.dic.webdriver.utils.RemoteLogWebDriver 49 findElementByXPath - //div[@class='fastlg cl']/div[2]/p[2]/button/em定位已找到元素
2018-09-01 at 19:25:20 GMT+08:00 INFO  com.dic.webdriver.utils.RemoteLogWebDriver 49 findElementByXPath - //p/a[text()='退出']定位已找到元素
2018-09-01 at 19:25:21 GMT+08:00 INFO  com.dic.webdriver.utils.RemoteLogWebDriver 25 findElementById - ls_username定位已找到元素
2018-09-01 at 19:25:22 GMT+08:00 INFO  com.dic.webdriver.utils.RemoteLogWebDriver 25 findElementById - ls_password定位已找到元素
2018-09-01 at 19:25:22 GMT+08:00 INFO  com.dic.webdriver.utils.RemoteLogWebDriver 49 findElementByXPath - //div[@class='fastlg cl']/div[2]/p[2]/button/em定位已找到元素
2018-09-01 at 19:25:22 GMT+08:00 INFO  com.dic.webdriver.utils.RemoteLogWebDriver 49 findElementByXPath - //p/a[text()='退出']定位已找到元素
2018-09-01 at 20:23:20 GMT+08:00 INFO  com.dic.webdriver.utils.RemoteLogWebDriver 25 findElementById - ls_username定位已找到元素
2018-09-01 at 20:23:20 GMT+08:00 INFO  com.dic.webdriver.utils.RemoteLogWebDriver 25 findElementById - ls_password定位已找到元素
2018-09-01 at 20:23:20 GMT+08:00 INFO  com.dic.webdriver.utils.RemoteLogWebDriver 49 findElementByXPath - //div[@class='fastlg cl']/div[2]/p[2]/button/em定位已找到元素
2018-09-01 at 20:23:20 GMT+08:00 INFO  com.dic.webdriver.utils.RemoteLogWebDriver 49 findElementByXPath - //p/a[text()='退出']定位已找到元素
2018-09-01 at 20:23:22 GMT+08:00 INFO  com.dic.webdriver.utils.RemoteLogWebDriver 25 findElementById - ls_username定位已找到元素
2018-09-01 at 20:23:22 GMT+08:00 INFO  com.dic.webdriver.utils.RemoteLogWebDriver 25 findElementById - ls_password定位已找到元素
2018-09-01 at 20:23:22 GMT+08:00 INFO  com.dic.webdriver.utils.RemoteLogWebDriver 49 findElementByXPath - //div[@class='fastlg cl']/div[2]/p[2]/button/em定位已找到元素
2018-09-01 at 20:23:22 GMT+08:00 INFO  com.dic.webdriver.utils.RemoteLogWebDriver 49 findElementByXPath - //p/a[text()='退出']定位已找到元素
2018-09-01 at 20:26:46 GMT+08:00 INFO  com.dic.webdriver.utils.RemoteLogWebDriver 25 findElementById - ls_username定位已找到元素
2018-09-01 at 20:26:46 GMT+08:00 INFO  com.dic.webdriver.utils.RemoteLogWebDriver 25 findElementById - ls_password定位已找到元素
2018-09-01 at 20:26:46 GMT+08:00 INFO  com.dic.webdriver.utils.RemoteLogWebDriver 49 findElementByXPath - //div[@class='fastlg cl']/div[2]/p[2]/button/em定位已找到元素
2018-09-01 at 20:26:47 GMT+08:00 INFO  com.dic.webdriver.utils.RemoteLogWebDriver 49 findElementByXPath - //p/a[text()='退出']定位已找到元素
2018-09-01 at 20:26:48 GMT+08:00 INFO  com.dic.webdriver.utils.RemoteLogWebDriver 25 findElementById - ls_username定位已找到元素
2018-09-01 at 20:26:48 GMT+08:00 INFO  com.dic.webdriver.utils.RemoteLogWebDriver 25 findElementById - ls_password定位已找到元素
2018-09-01 at 20:26:48 GMT+08:00 INFO  com.dic.webdriver.utils.RemoteLogWebDriver 49 findElementByXPath - //div[@class='fastlg cl']/div[2]/p[2]/button/em定位已找到元素
2018-09-01 at 20:26:48 GMT+08:00 INFO  com.dic.webdriver.utils.RemoteLogWebDriver 49 findElementByXPath - //p/a[text()='退出']定位已找到元素
2018-09-01 at 20:37:35 GMT+08:00 INFO  com.dic.webdriver.utils.RemoteLogWebDriver 25 findElementById - ls_username定位已找到元素
2018-09-01 at 20:37:35 GMT+08:00 INFO  com.dic.webdriver.utils.RemoteLogWebDriver 25 findElementById - ls_password定位已找到元素
2018-09-01 at 20:37:35 GMT+08:00 INFO  com.dic.webdriver.utils.RemoteLogWebDriver 49 findElementByXPath - //div[@class='fastlg cl']/div[2]/p[2]/button/em定位已找到元素
2018-09-01 at 20:37:35 GMT+08:00 INFO  com.dic.webdriver.utils.RemoteLogWebDriver 49 findElementByXPath - //p/a[text()='退出']定位已找到元素
2018-09-01 at 20:37:37 GMT+08:00 INFO  com.dic.webdriver.utils.RemoteLogWebDriver 25 findElementById - ls_username定位已找到元素
2018-09-01 at 20:37:37 GMT+08:00 INFO  com.dic.webdriver.utils.RemoteLogWebDriver 25 findElementById - ls_password定位已找到元素
2018-09-01 at 20:37:37 GMT+08:00 INFO  com.dic.webdriver.utils.RemoteLogWebDriver 49 findElementByXPath - //div[@class='fastlg cl']/div[2]/p[2]/button/em定位已找到元素
2018-09-01 at 20:37:37 GMT+08:00 INFO  com.dic.webdriver.utils.RemoteLogWebDriver 49 findElementByXPath - //p/a[text()='退出']定位已找到元素
2018-09-01 at 21:07:54 GMT+08:00 INFO  com.dic.webdriver.utils.RemoteLogWebDriver 25 findElementById - ls_username定位已找到元素
2018-09-01 at 21:07:54 GMT+08:00 INFO  com.dic.webdriver.utils.RemoteLogWebDriver 25 findElementById - ls_password定位已找到元素
2018-09-01 at 21:07:55 GMT+08:00 INFO  com.dic.webdriver.utils.RemoteLogWebDriver 49 findElementByXPath - //div[@class='fastlg cl']/div[2]/p[2]/button/em定位已找到元素
2018-09-01 at 21:07:55 GMT+08:00 INFO  com.dic.webdriver.utils.RemoteLogWebDriver 49 findElementByXPath - //p/a[text()='退出']定位已找到元素
2018-09-01 at 21:07:56 GMT+08:00 INFO  com.dic.webdriver.utils.RemoteLogWebDriver 25 findElementById - ls_username定位已找到元素
2018-09-01 at 21:07:56 GMT+08:00 INFO  com.dic.webdriver.utils.RemoteLogWebDriver 25 findElementById - ls_password定位已找到元素
2018-09-01 at 21:07:56 GMT+08:00 INFO  com.dic.webdriver.utils.RemoteLogWebDriver 49 findElementByXPath - //div[@class='fastlg cl']/div[2]/p[2]/button/em定位已找到元素
2018-09-01 at 21:07:56 GMT+08:00 INFO  com.dic.webdriver.utils.RemoteLogWebDriver 49 findElementByXPath - //p/a[text()='退出']定位已找到元素
